2022-05-23 20:27:06,254  INFO Microsoft.Hosting.Lifetime.LogMessage [0] - MESSAGE: Now listening on: https://localhost:5001
 2022-05-23 20:27:06,323  INFO Microsoft.Hosting.Lifetime.LogMessage [0] - MESSAGE: Now listening on: http://localhost:5000
 2022-05-23 20:27:06,325  INFO Microsoft.Hosting.Lifetime.LogMessage [0] - MESSAGE: Application started. Press Ctrl+C to shut down.
 2022-05-23 20:27:06,329  INFO Microsoft.Hosting.Lifetime.LogMessage [0] - MESSAGE: Hosting environment: Development
 2022-05-23 20:27:06,333  INFO Microsoft.Hosting.Lifetime.LogMessage [0] - MESSAGE: Content root path: C:\Git\RewardManagementAPI\RewardsManagement
 2022-05-23 20:28:59,279 ERROR Microsoft.AspNetCore.Diagnostics.DeveloperExceptionPageMiddleware.LogMessage [0] - MESSAGE: An unhandled exception has occurred while executing the request.
 System.InvalidOperationException: No route matches the supplied values.
   at Microsoft.AspNetCore.Mvc.CreatedAtActionResult.OnFormatting(ActionContext context)
   at Microsoft.AspNetCore.Mvc.Infrastructure.ObjectResultExecutor.ExecuteAsyncCore(ActionContext context, ObjectResult result, Type objectType, Object value)
   at Microsoft.AspNetCore.Mvc.Infrastructure.ObjectResultExecutor.ExecuteAsync(ActionContext context, ObjectResult result)
   at Microsoft.AspNetCore.Mvc.ObjectResult.ExecuteResultAsync(ActionContext context)
   at Microsoft.AspNetCore.Mvc.Infrastructure.ResourceInvoker.InvokeResultAsync(IActionResult result)
   at Microsoft.AspNetCore.Mvc.Infrastructure.ResourceInvoker.ResultNext[TFilter,TFilterAsync](State& next, Scope& scope, Object& state, Boolean& isCompleted)
   at Microsoft.AspNetCore.Mvc.Infrastructure.ResourceInvoker.InvokeNextResultFilterAsync[TFilter,TFilterAsync]()
--- End of stack trace from previous location ---
   at Microsoft.AspNetCore.Mvc.Infrastructure.ResourceInvoker.Rethrow(ResultExecutedContextSealed context)
   at Microsoft.AspNetCore.Mvc.Infrastructure.ResourceInvoker.ResultNext[TFilter,TFilterAsync](State& next, Scope& scope, Object& state, Boolean& isCompleted)
   at Microsoft.AspNetCore.Mvc.Infrastructure.ResourceInvoker.InvokeResultFilters()
--- End of stack trace from previous location ---
   at Microsoft.AspNetCore.Mvc.Infrastructure.ResourceInvoker.<InvokeFilterPipelineAsync>g__Awaited|19_0(ResourceInvoker invoker, Task lastTask, State next, Scope scope, Object state, Boolean isCompleted)
   at Microsoft.AspNetCore.Mvc.Infrastructure.ResourceInvoker.<InvokeAsync>g__Awaited|17_0(ResourceInvoker invoker, Task task, IDisposable scope)
   at Microsoft.AspNetCore.Routing.EndpointMiddleware.<Invoke>g__AwaitRequestTask|6_0(Endpoint endpoint, Task requestTask, ILogger logger)
   at Microsoft.AspNetCore.Authorization.AuthorizationMiddleware.Invoke(HttpContext context)
   at Swashbuckle.AspNetCore.SwaggerUI.SwaggerUIMiddleware.Invoke(HttpContext httpContext)
   at Swashbuckle.AspNetCore.Swagger.SwaggerMiddleware.Invoke(HttpContext httpContext, ISwaggerProvider swaggerProvider)
   at Microsoft.AspNetCore.Diagnostics.DeveloperExceptionPageMiddleware.Invoke(HttpContext context)
2022-05-23 20:33:38,168  INFO Microsoft.Hosting.Lifetime.LogMessage [0] - MESSAGE: Now listening on: https://localhost:5001
 2022-05-23 20:33:38,223  INFO Microsoft.Hosting.Lifetime.LogMessage [0] - MESSAGE: Now listening on: http://localhost:5000
 2022-05-23 20:33:38,225  INFO Microsoft.Hosting.Lifetime.LogMessage [0] - MESSAGE: Application started. Press Ctrl+C to shut down.
 2022-05-23 20:33:38,227  INFO Microsoft.Hosting.Lifetime.LogMessage [0] - MESSAGE: Hosting environment: Development
 2022-05-23 20:33:38,228  INFO Microsoft.Hosting.Lifetime.LogMessage [0] - MESSAGE: Content root path: C:\Git\RewardManagementAPI\RewardsManagement
 